<?xml version="1.0" encoding="UTF-8"?>
<!-- Generated by org.testng.reporters.JUnitXMLReporter -->
<testsuite hostname="DESKTOP-7SH55IA" ignored="0" name="Command line test" tests="3" failures="0" timestamp="06 Mar 2018 06:22:20 GMT" time="78.518" errors="0">
  <testcase name="verifyContactsPageLabel" time="0.044" classname="com.crm.testcases.ContactsPageTest"/>
  <testcase name="verifyHomePageTitleTest" time="0.027" classname="com.crm.testcases.HomePageTest"/>
  <testcase name="vaildateTitleTest" time="0.045" classname="com.crm.testcases.LoginPageTest"/>
</testsuite> <!-- Command line test -->
