<?xml version="1.0" encoding="UTF-8"?>
<testng-results skipped="0" failed="0" ignored="0" total="3" passed="3">
  <reporter-output>
  </reporter-output>
  <suite name="Command line suite" duration-ms="78518" started-at="2018-03-06T06:21:02Z" finished-at="2018-03-06T06:22:20Z">
    <groups>
    </groups>
    <test name="Command line test" duration-ms="78518" started-at="2018-03-06T06:21:02Z" finished-at="2018-03-06T06:22:20Z">
      <class name="com.crm.testcases.HomePageTest">
        <test-method status="PASS" signature="setUp()[pri:0, instance:com.crm.testcases.HomePageTest@337d0578]" name="setUp" is-config="true" duration-ms="26504" started-at="2018-03-06T11:51:40Z" finished-at="2018-03-06T11:52:06Z">
          <reporter-output>
          </reporter-output>
        </test-method> <!-- setUp -->
        <test-method status="PASS" signature="verifyHomePageTitleTest()[pri:1, instance:com.crm.testcases.HomePageTest@337d0578]" name="verifyHomePageTitleTest" duration-ms="27" started-at="2018-03-06T11:52:06Z" finished-at="2018-03-06T11:52:06Z">
          <reporter-output>
          </reporter-output>
        </test-method> <!-- verifyHomePageTitleTest -->
        <test-method status="PASS" signature="tearDown()[pri:0, instance:com.crm.testcases.HomePageTest@337d0578]" name="tearDown" is-config="true" duration-ms="1500" started-at="2018-03-06T11:52:06Z" finished-at="2018-03-06T11:52:08Z">
          <reporter-output>
          </reporter-output>
        </test-method> <!-- tearDown -->
      </class> <!-- com.crm.testcases.HomePageTest -->
      <class name="com.crm.testcases.ContactsPageTest">
        <test-method status="PASS" signature="setUp()[pri:0, instance:com.crm.testcases.ContactsPageTest@7ca48474]" name="setUp" is-config="true" duration-ms="36223" started-at="2018-03-06T11:51:02Z" finished-at="2018-03-06T11:51:38Z">
          <reporter-output>
          </reporter-output>
        </test-method> <!-- setUp -->
        <test-method status="PASS" signature="verifyContactsPageLabel()[pri:1, instance:com.crm.testcases.ContactsPageTest@7ca48474]" name="verifyContactsPageLabel" duration-ms="44" started-at="2018-03-06T11:51:38Z" finished-at="2018-03-06T11:51:38Z">
          <reporter-output>
          </reporter-output>
        </test-method> <!-- verifyContactsPageLabel -->
        <test-method status="PASS" signature="tearDown()[pri:0, instance:com.crm.testcases.ContactsPageTest@7ca48474]" name="tearDown" is-config="true" duration-ms="1772" started-at="2018-03-06T11:51:38Z" finished-at="2018-03-06T11:51:40Z">
          <reporter-output>
          </reporter-output>
        </test-method> <!-- tearDown -->
      </class> <!-- com.crm.testcases.ContactsPageTest -->
      <class name="com.crm.testcases.LoginPageTest">
        <test-method status="PASS" signature="setUp()[pri:0, instance:com.crm.testcases.LoginPageTest@59e84876]" name="setUp" is-config="true" duration-ms="10784" started-at="2018-03-06T11:52:08Z" finished-at="2018-03-06T11:52:18Z">
          <reporter-output>
          </reporter-output>
        </test-method> <!-- setUp -->
        <test-method status="PASS" signature="vaildateTitleTest()[pri:1, instance:com.crm.testcases.LoginPageTest@59e84876]" name="vaildateTitleTest" duration-ms="45" started-at="2018-03-06T11:52:18Z" finished-at="2018-03-06T11:52:19Z">
          <reporter-output>
          </reporter-output>
        </test-method> <!-- vaildateTitleTest -->
        <test-method status="PASS" signature="tearDown()[pri:0, instance:com.crm.testcases.LoginPageTest@59e84876]" name="tearDown" is-config="true" duration-ms="1578" started-at="2018-03-06T11:52:19Z" finished-at="2018-03-06T11:52:20Z">
          <reporter-output>
          </reporter-output>
        </test-method> <!-- tearDown -->
      </class> <!-- com.crm.testcases.LoginPageTest -->
    </test> <!-- Command line test -->
  </suite> <!-- Command line suite -->
</testng-results>
